<?xml version="1.0" encoding="utf-8"?><testsuites name="pytest tests"><testsuite name="pytest" errors="0" failures="0" skipped="0" tests="27" time="4.416" timestamp="2026-08-30T16:25:41.310716+00:00" hostname="agent-env-debd3999-8384-4d9d-8cdd-879cf1d7e8a8"><testcase classname="tests.test_driverbank_api.TestAuth" name="test_register_returns_token_and_user" time="0.399" /><testcase classname="tests.test_driverbank_api.TestAuth" name="test_register_duplicate_email" time="0.353" /><testcase classname="tests.test_driverbank_api.TestAuth" name="test_login_success" time="0.284" /><testcase classname="tests.test_driverbank_api.TestAuth" name="test_login_bad_password" time="0.280" /><testcase classname="tests.test_driverbank_api.TestAuth" name="test_me_requires_auth" time="0.062" /><testcase classname="tests.test_driverbank_api.TestAuth" name="test_me_with_token" time="0.066" /><testcase classname="tests.test_driverbank_api.TestAuth" name="test_teste_driver_login" time="0.285" /><testcase classname="tests.test_driverbank_api.TestWorkday" name="test_today_initial_none" time="0.071" /><testcase classname="tests.test_driverbank_api.TestWorkday" name="test_start_workday" time="0.330" /><testcase classname="tests.test_driverbank_api.TestWorkday" name="test_start_idempotent_returns_active" time="0.091" /><testcase classname="tests.test_driverbank_api.TestWorkday" name="test_today_reflects_active" time="0.107" /><testcase classname="tests.test_driverbank_api.TestWorkday" name="test_cancel_workday" time="0.158" /><testcase classname="tests.test_driverbank_api.TestWorkday" name="test_close_without_active_400" time="0.065" /><testcase classname="tests.test_driverbank_api.TestWorkday" name="test_start_close_full_flow" time="0.131" /><testcase classname="tests.test_driverbank_api.TestWorkday" name="test_today_after_close_is_closed" time="0.073" /><testcase classname="tests.test_driverbank_api.TestWorkday" name="test_start_after_closed_today_400" time="0.065" /><testcase classname="tests.test_driverbank_api.TestBalance" name="test_summary_after_close" time="0.102" /><testcase classname="tests.test_driverbank_api.TestGoals" name="test_goal_initial_not_configured" time="0.394" /><testcase classname="tests.test_driverbank_api.TestGoals" name="test_set_goal_success" time="0.066" /><testcase classname="tests.test_driverbank_api.TestGoals" name="test_get_goal_after_set" time="0.062" /><testcase classname="tests.test_driverbank_api.TestGoals" name="test_invalid_monthly_target" time="0.059" /><testcase classname="tests.test_driverbank_api.TestGoals" name="test_invalid_days_per_week_zero" time="0.065" /><testcase classname="tests.test_driverbank_api.TestGoals" name="test_invalid_days_per_week_over" time="0.111" /><testcase classname="tests.test_driverbank_api.TestGoals" name="test_delete_goal" time="0.126" /><testcase classname="tests.test_driverbank_api.TestProfile" name="test_update_profile" time="0.075" /><testcase classname="tests.test_driverbank_api.TestProfile" name="test_profile_persisted_via_me" time="0.063" /><testcase classname="tests.test_driverbank_api.TestLogout" name="test_logout_invalidates_token" time="0.409" /></testsuite></testsuites>